# JRE version: Java(TM) SE Runtime Environment (8.0_221-b11) (build 1.8.0_221-b11)
# Java VM: Java HotSpot(TM) 64-Bit Server VM (25.221-b11 mixed mode windows-amd64 compressed oops)
Heap:
 PSYoungGen      total 216576K, used 158124K [0x00000000d5f80000, 0x00000000e5600000, 0x0000000100000000)
  eden space 200704K, 70% used [0x00000000d5f80000,0x00000000dea706d0,0x00000000e2380000)
  from space 15872K, 99% used [0x00000000e3700000,0x00000000e467aa00,0x00000000e4680000)
  to   space 19968K, 0% used [0x00000000e2380000,0x00000000e2380000,0x00000000e3700000)
 ParOldGen       total 65536K, used 23200K [0x0000000081e00000, 0x0000000085e00000, 0x00000000d5f80000)
  object space 65536K, 35% used [0x0000000081e00000,0x00000000834a8240,0x0000000085e00000)
 Metaspace       used 24819K, capacity 25406K, committed 25600K, reserved 1071104K
  class space    used 2903K, capacity 3065K, committed 3072K, reserved 1048576K
GC Heap History (10 events):
Event: 5.713 GC heap before
{Heap before GC invocations=5 (full 0):
 PSYoungGen      total 71680K, used 71672K [0x00000000d5f80000, 0x00000000daa80000, 0x0000000100000000)
  eden space 66560K, 100% used [0x00000000d5f80000,0x00000000da080000,0x00000000da080000)
  from space 5120K, 99% used [0x00000000da580000,0x00000000daa7e010,0x00000000daa80000)
  to   space 5120K, 0% used [0x00000000da080000,0x00000000da080000,0x00000000da580000)
 ParOldGen       total 87552K, used 7075K [0x0000000081e00000, 0x0000000087380000, 0x00000000d5f80000)
  object space 87552K, 8% used [0x0000000081e00000,0x00000000824e8e88,0x0000000087380000)
 Metaspace       used 18554K, capacity 19010K, committed 19328K, reserved 1067008K
  class space    used 2218K, capacity 2363K, committed 2432K, reserved 1048576K
Event: 5.741 GC heap after
Heap after GC invocations=5 (full 0):
 PSYoungGen      total 71680K, used 5096K [0x00000000d5f80000, 0x00000000df780000, 0x0000000100000000)
  eden space 66560K, 0% used [0x00000000d5f80000,0x00000000d5f80000,0x00000000da080000)
  from space 5120K, 99% used [0x00000000da080000,0x00000000da57a020,0x00000000da580000)
  to   space 11264K, 0% used [0x00000000dec80000,0x00000000dec80000,0x00000000df780000)
 ParOldGen       total 87552K, used 12220K [0x0000000081e00000, 0x0000000087380000, 0x00000000d5f80000)
  object space 87552K, 13% used [0x0000000081e00000,0x00000000829ef2d0,0x0000000087380000)
 Metaspace       used 18554K, capacity 19010K, committed 19328K, reserved 1067008K
  class space    used 2218K, capacity 2363K, committed 2432K, reserved 1048576K
}
Event: 6.056 GC heap before
{Heap before GC invocations=6 (full 0):
 PSYoungGen      total 71680K, used 17142K [0x00000000d5f80000, 0x00000000df780000, 0x0000000100000000)
  eden space 66560K, 18% used [0x00000000d5f80000,0x00000000d6b43b20,0x00000000da080000)
  from space 5120K, 99% used [0x00000000da080000,0x00000000da57a020,0x00000000da580000)
  to   space 11264K, 0% used [0x00000000dec80000,0x00000000dec80000,0x00000000df780000)
 ParOldGen       total 87552K, used 12220K [0x0000000081e00000, 0x0000000087380000, 0x00000000d5f80000)
  object space 87552K, 13% used [0x0000000081e00000,0x00000000829ef2d0,0x0000000087380000)
 Metaspace       used 20691K, capacity 21090K, committed 21296K, reserved 1069056K
  class space    used 2458K, capacity 2587K, committed 2688K, reserved 1048576K
Event: 6.069 GC heap after
Heap after GC invocations=6 (full 0):
 PSYoungGen      total 143360K, used 6727K [0x00000000d5f80000, 0x00000000df680000, 0x0000000100000000)
  eden space 133120K, 0% used [0x00000000d5f80000,0x00000000d5f80000,0x00000000de180000)
  from space 10240K, 65% used [0x00000000dec80000,0x00000000df311cf0,0x00000000df680000)
  to   space 10752K, 0% used [0x00000000de180000,0x00000000de180000,0x00000000dec00000)
 ParOldGen       total 87552K, used 12228K [0x0000000081e00000, 0x0000000087380000, 0x00000000d5f80000)
  object space 87552K, 13% used [0x0000000081e00000,0x00000000829f12d0,0x0000000087380000)
 Metaspace       used 20691K, capacity 21090K, committed 21296K, reserved 1069056K
  class space    used 2458K, capacity 2587K, committed 2688K, reserved 1048576K
}
Event: 6.069 GC heap before
{Heap before GC invocations=7 (full 1):
 PSYoungGen      total 143360K, used 6727K [0x00000000d5f80000, 0x00000000df680000, 0x0000000100000000)
  eden space 133120K, 0% used [0x00000000d5f80000,0x00000000d5f80000,0x00000000de180000)
  from space 10240K, 65% used [0x00000000dec80000,0x00000000df311cf0,0x00000000df680000)
  to   space 10752K, 0% used [0x00000000de180000,0x00000000de180000,0x00000000dec00000)
 ParOldGen       total 87552K, used 12228K [0x0000000081e00000, 0x0000000087380000, 0x00000000d5f80000)
  object space 87552K, 13% used [0x0000000081e00000,0x00000000829f12d0,0x0000000087380000)
 Metaspace       used 20691K, capacity 21090K, committed 21296K, reserved 1069056K
  class space    used 2458K, capacity 2587K, committed 2688K, reserved 1048576K
Event: 6.156 GC heap after
Heap after GC invocations=7 (full 1):
 PSYoungGen      total 143360K, used 0K [0x00000000d5f80000, 0x00000000df680000, 0x0000000100000000)
  eden space 133120K, 0% used [0x00000000d5f80000,0x00000000d5f80000,0x00000000de180000)
  from space 10240K, 0% used [0x00000000dec80000,0x00000000dec80000,0x00000000df680000)
  to   space 10752K, 0% used [0x00000000de180000,0x00000000de180000,0x00000000dec00000)
 ParOldGen       total 65536K, used 11445K [0x0000000081e00000, 0x0000000085e00000, 0x00000000d5f80000)
  object space 65536K, 17% used [0x0000000081e00000,0x000000008292d6f0,0x0000000085e00000)
 Metaspace       used 20691K, capacity 21090K, committed 21296K, reserved 1069056K
  class space    used 2458K, capacity 2587K, committed 2688K, reserved 1048576K
}
Event: 7.797 GC heap before
{Heap before GC invocations=8 (full 1):
 PSYoungGen      total 143360K, used 133120K [0x00000000d5f80000, 0x00000000df680000, 0x0000000100000000)
  eden space 133120K, 100% used [0x00000000d5f80000,0x00000000de180000,0x00000000de180000)
  from space 10240K, 0% used [0x00000000dec80000,0x00000000dec80000,0x00000000df680000)
  to   space 10752K, 0% used [0x00000000de180000,0x00000000de180000,0x00000000dec00000)
 ParOldGen       total 65536K, used 11445K [0x0000000081e00000, 0x0000000085e00000, 0x00000000d5f80000)
  object space 65536K, 17% used [0x0000000081e00000,0x000000008292d6f0,0x0000000085e00000)
 Metaspace       used 23448K, capacity 23936K, committed 24192K, reserved 1071104K
  class space    used 2755K, capacity 2896K, committed 2944K, reserved 1048576K
Event: 7.818 GC heap after
Heap after GC invocations=8 (full 1):
 PSYoungGen      total 143872K, used 10728K [0x00000000d5f80000, 0x00000000e4680000, 0x0000000100000000)
  eden space 133120K, 0% used [0x00000000d5f80000,0x00000000d5f80000,0x00000000de180000)
  from space 10752K, 99% used [0x00000000de180000,0x00000000debfa338,0x00000000dec00000)
  to   space 15872K, 0% used [0x00000000e3700000,0x00000000e3700000,0x00000000e4680000)
 ParOldGen       total 65536K, used 18873K [0x0000000081e00000, 0x0000000085e00000, 0x00000000d5f80000)
  object space 65536K, 28% used [0x0000000081e00000,0x000000008306e778,0x0000000085e00000)
 Metaspace       used 23448K, capacity 23936K, committed 24192K, reserved 1071104K
  class space    used 2755K, capacity 2896K, committed 2944K, reserved 1048576K
}
Event: 8.455 GC heap before
{Heap before GC invocations=9 (full 1):
 PSYoungGen      total 143872K, used 143848K [0x00000000d5f80000, 0x00000000e4680000, 0x0000000100000000)
  eden space 133120K, 100% used [0x00000000d5f80000,0x00000000de180000,0x00000000de180000)
  from space 10752K, 99% used [0x00000000de180000,0x00000000debfa338,0x00000000dec00000)
  to   space 15872K, 0% used [0x00000000e3700000,0x00000000e3700000,0x00000000e4680000)
 ParOldGen       total 65536K, used 18873K [0x0000000081e00000, 0x0000000085e00000, 0x00000000d5f80000)
  object space 65536K, 28% used [0x0000000081e00000,0x000000008306e778,0x0000000085e00000)
 Metaspace       used 23454K, capacity 23936K, committed 24192K, reserved 1071104K
  class space    used 2756K, capacity 2896K, committed 2944K, reserved 1048576K
Event: 8.477 GC heap after
Heap after GC invocations=9 (full 1):
 PSYoungGen      total 216576K, used 15850K [0x00000000d5f80000, 0x00000000e5600000, 0x0000000100000000)
  eden space 200704K, 0% used [0x00000000d5f80000,0x00000000d5f80000,0x00000000e2380000)
  from space 15872K, 99% used [0x00000000e3700000,0x00000000e467aa00,0x00000000e4680000)
  to   space 19968K, 0% used [0x00000000e2380000,0x00000000e2380000,0x00000000e3700000)
 ParOldGen       total 65536K, used 23200K [0x0000000081e00000, 0x0000000085e00000, 0x00000000d5f80000)
  object space 65536K, 35% used [0x0000000081e00000,0x00000000834a8240,0x0000000085e00000)
 Metaspace       used 23454K, capacity 23936K, committed 24192K, reserved 1071104K
  class space    used 2756K, capacity 2896K, committed 2944K, reserved 1048576K
}

